Exporter version: 5.6.4, Blender version: 2.79 (sub 0)
========= Conversion from Blender to Babylon.js =========
	Scene settings used :
		export scope        :  ALL
		inline textures     :  false
		Positions Precision :  4
		Normals Precision   :  3
		UVs Precision       :  3
		Vert Color Precision:  3
		Mat Weight Precision:  2
		texture directory   :  C:\Users\ASUS\Desktop\DEMO\
	Python World class constructor completed
	processing begun of mesh:  mesh0_mesh0_mesh0000
		processing begun of Standard material:  SD001Z_eye_kin_alice_mat_a0
			Diffuse texture found "Kd.001"
				Image texture found, type:  diffuseTexture, mapped using: "UVMap"
				WARNING: Opacity non-std way to indicate opacity, use material alpha to also use Opacity texture
		num positions      :  166
		num normals        :  166
		num uvs            :  332
		num uvs2           :  0
		num colors         :  0
		num indices        :  636
	processing begun of mesh:  skirt_skirt_mesh0005
		processing begun of Standard material:  SD001Z_body_kin_alice_mat_a0
			Diffuse texture found "Kd"
				Image texture found, type:  diffuseTexture, mapped using: "UVMap"
				WARNING: Opacity non-std way to indicate opacity, use material alpha to also use Opacity texture
		num positions      :  1779
		num normals        :  1779
		num uvs            :  3558
		num uvs2           :  0
		num colors         :  0
		num indices        :  8322
	processing begun of mesh:  kanzashi_kanzashi_mesh0001
		registered as also a user of material:  SD001Z_body_kin_alice_mat_a0
		num positions      :  673
		num normals        :  673
		num uvs            :  1346
		num uvs2           :  0
		num colors         :  0
		num indices        :  2664
	processing begun of mesh:  hair_b_hair_b_mesh0002
		registered as also a user of material:  SD001Z_body_kin_alice_mat_a0
		num positions      :  1211
		num normals        :  1211
		num uvs            :  2422
		num uvs2           :  0
		num colors         :  0
		num indices        :  5100
	processing begun of mesh:  hand_hand_mesh0004
		registered as also a user of material:  SD001Z_body_kin_alice_mat_a0
		num positions      :  2413
		num normals        :  2413
		num uvs            :  4826
		num uvs2           :  0
		num colors         :  0
		num indices        :  12036
	processing begun of mesh:  mouth_mouth_mesh0003
		registered as also a user of material:  SD001Z_body_kin_alice_mat_a0
		num positions      :  1498
		num normals        :  1498
		num uvs            :  2996
		num uvs2           :  0
		num colors         :  0
		num indices        :  7104
	processing begun of camera (UniversalCamera):  Camera
	processing begun of light (POINT):  Lamp
========= Writing of scene file started =========
========= Writing of scene file completed =========
========= end of processing =========
elapsed time:  0 min, 0.7907 secs
